TestStand, version 6.0.419.36163
Begin @ 2015-11-22 00:20:49.794 (2015-11-22 06:20:49.794 UTC)


All tests will execute.


Static MessageInColor.RGBWriteLine() Tests Begin

    Overload  1: True
    Overload  2: E
    Overload  3: FGH
    Overload  4: 1.25
    Overload  5: 3.333333
    Overload  6: 3.3333
    Overload  7: -255
    Overload  8: -125000
    Overload  9: Stuff 1
    Overload 10: This is it.
    Overload 11: 512
    Overload 12: 250000
    Overload 13: object arg0: object arg0 = Stuff 1
    Overload 14: params object [ ] arg: params object [ ] arg = Stuff 1
    Overload 15: GH
    Overload 16: object arg0, object arg1: object arg0 = Stuff 1, object arg1 = Stuff 2
    Overload 17: object arg0 = Stuff 1, object arg1 = Stuff 2, object arg2 = Stuff 3
    Overload 18: object arg0 = Stuff 1, object arg1 = Stuff 2, object arg2 = Stuff 3, object arg3 = Stuff 4
Static MessageInColor.RGBWriteLine() Tests End

Static MessageInColor.RGBWrite() Tests Begin

    Overload  1: True
    Overload  2: E
    Overload  3: FGH
    Overload  4: 1.25
    Overload  5: 3.333333
    Overload  6: 3.3333
    Overload  7: -255
    Overload  8: -125000
    Overload  9: Stuff 1
    Overload 10: This is it.
    Overload 11: 512
    Overload 12: 250000
    Overload 13: object arg0: object arg0 = Stuff 1
    Overload 14: params object [ ] arg: params object [ ] arg = Stuff 1
    Overload 15: GH
    Overload 16: object arg0, object arg1: object arg0 = Stuff 1, object arg1 = Stuff 2
    Overload 17: object arg0 = Stuff 1, object arg1 = Stuff 2, object arg2 = Stuff 3
    Overload 18: object arg0 = Stuff 1, object arg1 = Stuff 2, object arg2 = Stuff 3, object arg3 = Stuff 4
Static MessageInColor.RGBWrite() Tests End

Instance MessageInColor.WriteLine() Tests Begin

    Overload  1: True
    Overload  2: E
    Overload  3: FGH
    Overload  4: 1.25
    Overload  5: 3.333333
    Overload  6: 3.3333
    Overload  7: -255
    Overload  8: -125000
    Overload  9: Stuff 1
    Overload 10: This is it.
    Overload 11: 512
    Overload 12: 250000
    Overload 13: object arg0: object arg0 = Stuff 1
    Overload 14: params object [ ] arg: params object [ ] arg = Stuff 1
    Overload 15: GH
    Overload 16: object arg0, object arg1: object arg0 = Stuff 1, object arg1 = Stuff 2
    Overload 17: object arg0 = Stuff 1, object arg1 = Stuff 2, object arg2 = Stuff 3
    Overload 18: object arg0 = Stuff 1, object arg1 = Stuff 2, object arg2 = Stuff 3, object arg3 = Stuff 4
Instance MessageInColor.WriteLine() Tests End

Instance MessageInColor.Write() Tests Begin

    Overload  1: True
    Overload  2: E
    Overload  3: FGH
    Overload  4: 1.25
    Overload  5: 3.333333
    Overload  6: 3.3333
    Overload  7: -255
    Overload  8: -125000
    Overload  9: Stuff 1
    Overload 10: This is it.
    Overload 11: 512
    Overload 12: 250000
    Overload 13: object arg0: object arg0 = Stuff 1
    Overload 14: params object [ ] arg: params object [ ] arg = Stuff 1
    Overload 15: GH
    Overload 16: object arg0, object arg1: object arg0 = Stuff 1, object arg1 = Stuff 2
    Overload 17: object arg0 = Stuff 1, object arg1 = Stuff 2, object arg2 = Stuff 3
    Overload 18: object arg0 = Stuff 1, object arg1 = Stuff 2, object arg2 = Stuff 3, object arg3 = Stuff 4
Instance MessageInColor.Write() Tests End

Error reporting test 1 of 5 Begin


Error reporting test 1 of 5 End


Error reporting test 2 of 5 Begin


Error reporting test 2 of 5 End


Error reporting test 3 of 5 Begin


Error reporting test 3 of 5 End


Error reporting test 4 of 5 Begin


Error reporting test 4 of 5 End


Error reporting test 5 of 5 Begin


Error reporting test 5 of 5 End


Error reporting test 1 of 5 Begin

Object reference not set to an instance of an object.

Error reporting test 1 of 5 End


Error reporting test 2 of 5 Begin

This error message appears in White text on Red background.

Error reporting test 2 of 5 End


Error reporting test 3 of 5 Begin

This error message appears in Yellow text on Red background.

Error reporting test 3 of 5 End


Error reporting test 4 of 5 Begin

This error message appears in White text on DarkRed background.

Error reporting test 4 of 5 End


Error reporting test 5 of 5 Begin

This error message appears in Yellow text on DarkRed background.

Error reporting test 5 of 5 End

