TestStand, version 6.3.468.38557
Begin @ 2016-06-09 22:52:39.295 (2016-06-10 03:52:39.295 UTC)

Selected properties of the library under test:

    AssemblyFileBaseName = WizardWrx.ConsoleAppAids2
    VersionString        = 6.3.483.38555
    Culture              = Invariant Language (Invariant Country)
    PublicKeyToken       = 
    Runtime Version      = v2.0.50727
    AssemblyGuidString   = 04dca54e-6aff-4ec8-ad04-06c75036a989
    ProductName          = WizardWrx .NET Utility Libraries
    LegalCopyright       = Copyright c 2012-2016, David A. Gray
    LegalTrademarks      = This library is distributed under a three-clause BSD license.
    CompanyName          = David A. Gray
    Description          = WizardWrx.ConsoleAppAids2
    Comments             = Helper routines for console mode programs

    AssembyDirName       = C:\Users\DAVE\Documents\Visual Studio 2013\Projects\WizardWrx_Libs\ConsoleAppAids2\TestStand\bin\Debug
    AssemblyFileName     = WizardWrx.ConsoleAppAids2.dll

    File Creation Date   = 2016-06-09 22:02:05 (2016-06-10 03:02:05 UTC)
    File Modified Date   = 2016-06-09 22:25:10 (2016-06-10 03:25:10 UTC)

End of selected properties


The timedwait test will run.

Test TimeedWaitTest 1:
Test Case  1 Properties: TWTC_puintWaitSeconds        = 5
                         TWTC_pstrCountdownWaitingFor = A TimeedWaitTest
                         TWTC_pclrTextColor           = Green
                         TWTC_pclrTextBackgroundColor = Black
                         TWTC_penmInterruptCriterion  = None

Test Case  1 completed.

Test Case  2 Properties: TWTC_puintWaitSeconds        = 10
                         TWTC_pstrCountdownWaitingFor = This and That
                         TWTC_pclrTextColor           = Green
                         TWTC_pclrTextBackgroundColor = Black
                         TWTC_penmInterruptCriterion  = None

Test Case  2 completed.

Test Case  3 Properties: TWTC_puintWaitSeconds        = 15
                         TWTC_pstrCountdownWaitingFor = 
                         TWTC_pclrTextColor           = Green
                         TWTC_pclrTextBackgroundColor = Black
                         TWTC_penmInterruptCriterion  = None

Test Case  3 completed.

Test Case  4 Properties: TWTC_puintWaitSeconds        = 20
                         TWTC_pstrCountdownWaitingFor = Exiting
                         TWTC_pclrTextColor           = Green
                         TWTC_pclrTextBackgroundColor = Black
                         TWTC_penmInterruptCriterion  = None

Test Case  4 completed.

Test Case  5 Properties: TWTC_puintWaitSeconds        = 25
                         TWTC_pstrCountdownWaitingFor = Exiting
                         TWTC_pclrTextColor           = White
                         TWTC_pclrTextBackgroundColor = Black
                         TWTC_penmInterruptCriterion  = None

Test Case  5 completed.

Test Case  6 Properties: TWTC_puintWaitSeconds        = 30
                         TWTC_pstrCountdownWaitingFor = Exiting
                         TWTC_pclrTextColor           = White
                         TWTC_pclrTextBackgroundColor = Blue
                         TWTC_penmInterruptCriterion  = None

Test Case  6 completed.

Test Case  7 Properties: TWTC_puintWaitSeconds        = 0
                         TWTC_pstrCountdownWaitingFor = Exiting
                         TWTC_pclrTextColor           = Blue
                         TWTC_pclrTextBackgroundColor = Blue
                         TWTC_penmInterruptCriterion  = AnyKey

Test Case  7 completed.

Test Case  8 Properties: TWTC_puintWaitSeconds        = 10
                         TWTC_pstrCountdownWaitingFor = Exiting
                         TWTC_pclrTextColor           = Blue
                         TWTC_pclrTextBackgroundColor = Blue
                         TWTC_penmInterruptCriterion  = CarriageReturn

Test Case  8 completed.

Test Case  9 Properties: TWTC_puintWaitSeconds        = 0
                         TWTC_pstrCountdownWaitingFor = Exiting
                         TWTC_pclrTextColor           = Blue
                         TWTC_pclrTextBackgroundColor = Blue
                         TWTC_penmInterruptCriterion  = None

Test Case  9 completed.

Test Case 10 Properties: TWTC_puintWaitSeconds        = 10
                         TWTC_pstrCountdownWaitingFor = Exiting
                         TWTC_pclrTextColor           = White
                         TWTC_pclrTextBackgroundColor = White
                         TWTC_penmInterruptCriterion  = None

Test Case 10 completed.

TimedWaitTestCase Properties: TWTC_puintWaitSeconds        = 30
                              TWTC_pstrCountdownWaitingFor = A TimeedWaitTest
                              TWTC_pclrTextColor           = Green
                              TWTC_pclrTextBackgroundColor = Black
                              TWTC_penmInterruptCriterion  = None
Test TimeedWaitTest 1 is over.

TestStand End
2016-06-09 23:11:39.129 (2016-06-10 04:11:39.129 UTC)
Elapsed time: 00:18:59.8354619
