TestStand, version 6.3.468.38557
Begin @ 2016-06-09 22:47:48.750 (2016-06-10 03:47:48.750 UTC)

Selected properties of the library under test:

    AssemblyFileBaseName = WizardWrx.ConsoleAppAids2
    VersionString        = 6.3.483.38555
    Culture              = Invariant Language (Invariant Country)
    PublicKeyToken       = 
    Runtime Version      = v2.0.50727
    AssemblyGuidString   = 04dca54e-6aff-4ec8-ad04-06c75036a989
    ProductName          = WizardWrx .NET Utility Libraries
    LegalCopyright       = Copyright c 2012-2016, David A. Gray
    LegalTrademarks      = This library is distributed under a three-clause BSD license.
    CompanyName          = David A. Gray
    Description          = WizardWrx.ConsoleAppAids2
    Comments             = Helper routines for console mode programs

    AssembyDirName       = C:\Users\DAVE\Documents\Visual Studio 2013\Projects\WizardWrx_Libs\ConsoleAppAids2\TestStand\bin\Debug
    AssemblyFileName     = WizardWrx.ConsoleAppAids2.dll

    File Creation Date   = 2016-06-09 22:02:05 (2016-06-10 03:02:05 UTC)
    File Modified Date   = 2016-06-09 22:25:10 (2016-06-10 03:25:10 UTC)

End of selected properties


The timedwait test will run.

Test TimeedWaitTest 1:
Test Case  1 Properties: TWTC_puintWaitSeconds        = 5
                         TWTC_pstrCountdownWaitingFor = A TimeedWaitTest
                         TWTC_pclrTextColor           = Green
                         TWTC_pclrTextBackgroundColor = Black
                         TWTC_penmInterruptCriterion  = None

Test Case  1 completed.

Test Case  2 Properties: TWTC_puintWaitSeconds        = 10
                         TWTC_pstrCountdownWaitingFor = This and That
                         TWTC_pclrTextColor           = Green
                         TWTC_pclrTextBackgroundColor = Black
                         TWTC_penmInterruptCriterion  = None
